<?xml version="1.0" encoding="UTF-8" ?>

<testsuite failures="0" time="0.333" errors="0" skipped="0" tests="6" name="BasicTest">
  <testcase classname="BasicTest" name="createAndRetrieveUser" time="0.008">
      </testcase>
  <testcase classname="BasicTest" name="tryConnectAsUser" time="0.013">
      </testcase>
  <testcase classname="BasicTest" name="createPost" time="0.007">
      </testcase>
  <testcase classname="BasicTest" name="postComments" time="0.009">
      </testcase>
  <testcase classname="BasicTest" name="useTheCommentRelation" time="0.017">
      </testcase>
  <testcase classname="BasicTest" name="fulltest" time="0.279">
      </testcase>
</testsuite>
